<?xml version="1.0" encoding="UTF-8"?>
<!-- Generated by org.testng.reporters.JUnitReportReporter -->
<testsuite hostname="DESKTOP-PORQCT3" failures="0" tests="1" name="org.Testing.TestCase.TC1" time="4.679" errors="0" timestamp="2023-01-27T01:23:32 IST" skipped="0">
  <testcase classname="org.Testing.TestCase.TC1" name="main" time="4.679"/>
  <system-out/>
</testsuite> <!-- org.Testing.TestCase.TC1 -->
